<?xml version="1.0" encoding="UTF-8"?>
<testng-results ignored="0" total="2" passed="2" failed="0" skipped="0">
  <reporter-output>
  </reporter-output>
  <suite started-at="2026-04-23T10:42:37 IST" name="Default suite" finished-at="2026-04-23T10:42:55 IST" duration-ms="18041">
    <groups>
    </groups>
    <test started-at="2026-04-23T10:42:37 IST" name="Default test" finished-at="2026-04-23T10:42:55 IST" duration-ms="18041">
      <class name="Testing_Pack.Scripting">
        <test-method is-config="true" signature="beforeClass()[pri:0, instance:Testing_Pack.Scripting@44c03695]" started-at="2026-04-23T10:42:37 IST" name="beforeClass" finished-at="2026-04-23T10:42:40 IST" duration-ms="3537" status="PASS">
          <reporter-output>
          </reporter-output>
        </test-method> <!-- beforeClass -->
        <test-method signature="f()[pri:0, instance:Testing_Pack.Scripting@44c03695]" started-at="2026-04-23T10:42:40 IST" name="f" finished-at="2026-04-23T10:42:41 IST" duration-ms="439" status="PASS">
          <reporter-output>
          </reporter-output>
        </test-method> <!-- f -->
        <test-method signature="u()[pri:0, instance:Testing_Pack.Scripting@44c03695]" started-at="2026-04-23T10:42:41 IST" name="u" finished-at="2026-04-23T10:42:55 IST" duration-ms="14002" status="PASS">
          <reporter-output>
          </reporter-output>
        </test-method> <!-- u -->
      </class> <!-- Testing_Pack.Scripting -->
    </test> <!-- Default test -->
  </suite> <!-- Default suite -->
</testng-results>
